  Source.cpp
C:\Users\tjsch\source\repos\NDS\NDS\Graph.h(16,17): warning C4244: 'initializing': conversion from 'double' to 'int', possible loss of data
C:\Users\tjsch\source\repos\NDS\NDS\Graph.h(16,15): warning C4056: overflow in floating-point constant arithmetic
C:\Users\tjsch\source\repos\NDS\NDS\algorithms.h(28,31): warning C4244: '=': conversion from 'double' to 'int', possible loss of data
C:\Users\tjsch\source\repos\NDS\NDS\algorithms.h(28,1): warning C4056: overflow in floating-point constant arithmetic
C:\Users\tjsch\source\repos\NDS\NDS\cplearn.h(16,55): error C2664: 'std::vector<std::vector<std::pair<int,T>,std::allocator<std::pair<int,T>>>,std::allocator<std::vector<std::pair<int,T>,std::allocator<std::pair<int,T>>>>>::vector(const unsigned __int64,const _Alloc &)': cannot convert argument 2 from 'int' to 'const _Alloc &'
          with
          [
              T=int,
              _Alloc=std::allocator<std::vector<std::pair<int,int>,std::allocator<std::pair<int,int>>>>
          ]
          and
          [
              _Alloc=std::allocator<std::vector<std::pair<int,int>,std::allocator<std::pair<int,int>>>>
          ]
C:\Users\tjsch\source\repos\NDS\NDS\cplearn.h(16,55): message : Reason: cannot convert from 'int' to 'const _Alloc'
          with
          [
              _Alloc=std::allocator<std::vector<std::pair<int,int>,std::allocator<std::pair<int,int>>>>
          ]
C:\Users\tjsch\source\repos\NDS\NDS\cplearn.h(16,55): message : No constructor could take the source type, or constructor overload resolution was ambiguous
C:\Program Files\Microsoft Visual Studio\2022\Community\VC\Tools\MSVC\14.31.31103\include\vector(472,5): message : see declaration of 'std::vector<std::vector<std::pair<int,T>,std::allocator<std::pair<int,T>>>,std::allocator<std::vector<std::pair<int,T>,std::allocator<std::pair<int,T>>>>>::vector'
          with
          [
              T=int
          ]
C:\Users\tjsch\source\repos\NDS\NDS\cplearn.h(15): message : while compiling class template member function 'cmat<int>::cmat(int,int)'
C:\Users\tjsch\source\repos\NDS\NDS\Source.cpp(24): message : see reference to function template instantiation 'cmat<int>::cmat(int,int)' being compiled
C:\Users\tjsch\source\repos\NDS\NDS\Source.cpp(24): message : see reference to class template instantiation 'cmat<int>' being compiled
